{"name": "test_1", "status": "failed", "statusDetails": {"message": "AssertionError: assert 1 == 2\n  +1\n  -2", "trace": "@allure.description(\"描述动态更新：失败时展示这里的内容\")\n    def test_1():\n>       assert 1 == int(1 * 2)\nE       assert 1 == 2\nE         +1\nE         -2\n\nallure学习\\test_allure_1.py:11: AssertionError"}, "description": "描述动态更新：失败时展示这里的内容", "start": 1645068526857, "stop": 1645068526857, "uuid": "de8301ea-1403-43bf-9e7f-4a0130966286", "historyId": "954d4d970a103502beafd60d253b01d0", "testCaseId": "8671949cd439ccfd5b324f311e6ad4e0", "fullName": "base.1.allure学习.test_allure_1#test_1", "labels": [{"name": "parentSuite", "value": "base.1.allure学习"}, {"name": "suite", "value": "test_allure_1"}, {"name": "host", "value": "10-yanghuizhi-"}, {"name": "thread", "value": "23944-MainThread"}, {"name": "framework", "value": "pytest"}, {"name": "language", "value": "cpython3"}, {"name": "package", "value": "base.1.allure学习.test_allure_1"}]}